Build started 2015-05-24 오후 10:39:29.
     1>Project "c:\Users\오 예진\documents\visual studio 2013\Projects\82\82\82.vcxproj" on node 2 (Build target(s)).
     1>ClCompile:
         C:\Program Files (x86)\Microsoft Visual Studio 12.0\VC\bin\CL.exe /c /ZI /nologo /W3 /WX- /sdl /Od /Oy- /D WIN32 /D _DEBUG /D _CONSOLE /D _LIB /D _UNICODE /D UNICODE /Gm /EHsc /RTC1 /MDd /GS /fp:precise /Zc:wchar_t /Zc:forScope /Fo"Debug\\" /Fd"Debug\vc120.pdb" /Gd /TP /analyze- /errorReport:prompt MyRational.cpp MyRational.h implement_myrational.cpp
         implement_myrational.cpp
         MyRational.h
         MyRational.cpp
         Generating Code...
       Link:
         C:\Program Files (x86)\Microsoft Visual Studio 12.0\VC\bin\link.exe /ERRORREPORT:PROMPT /OUT:"c:\users\오 예진\documents\visual studio 2013\Projects\82\Debug\82.exe" /INCREMENTAL /NOLOGO kernel32.lib user32.lib gdi32.lib winspool.lib comdlg32.lib advapi32.lib shell32.lib ole32.lib oleaut32.lib uuid.lib odbc32.lib odbccp32.lib /MANIFEST /MANIFESTUAC:"level='asInvoker' uiAccess='false'" /manifest:embed /DEBUG /PDB:"c:\users\오 예진\documents\visual studio 2013\Projects\82\Debug\82.pdb" /SUBSYSTEM:CONSOLE /TLBID:1 /DYNAMICBASE /NXCOMPAT /IMPLIB:"c:\users\오 예진\documents\visual studio 2013\Projects\82\Debug\82.lib" /MACHINE:X86 Debug\implement_myrational.obj
         Debug\MyRational.obj
         Debug\MyRational.obj
     1>Debug\MyRational.obj : warning LNK4042: object specified more than once; extras ignored
     1>implement_myrational.obj : error LNK2019: unresolved external symbol "class myRational __cdecl operator*(int,class myRational const &)" (??D@YA?AVmyRational@@HABV0@@Z) referenced in function "void __cdecl testSimpleCase(void)" (?testSimpleCase@@YAXXZ)
     1>implement_myrational.obj : error LNK2019: unresolved external symbol "class std::basic_ostream<char,struct std::char_traits<char> > & __cdecl operator<<(class std::basic_ostream<char,struct std::char_traits<char> > &,class myRational const &)" (??6@YAAAV?$basic_ostream@DU?$char_traits@D@std@@@std@@AAV01@ABVmyRational@@@Z) referenced in function "void __cdecl testDataFromFile(void)" (?testDataFromFile@@YAXXZ)
     1>implement_myrational.obj : error LNK2019: unresolved external symbol "class std::basic_istream<char,struct std::char_traits<char> > & __cdecl operator>>(class std::basic_istream<char,struct std::char_traits<char> > &,class myRational &)" (??5@YAAAV?$basic_istream@DU?$char_traits@D@std@@@std@@AAV01@AAVmyRational@@@Z) referenced in function "void __cdecl testDataFromFile(void)" (?testDataFromFile@@YAXXZ)
     1>implement_myrational.obj : error LNK2019: unresolved external symbol "class myRational __cdecl operator+(int,class myRational const &)" (??H@YA?AVmyRational@@HABV0@@Z) referenced in function "void __cdecl testSimpleCase(void)" (?testSimpleCase@@YAXXZ)
     1>implement_myrational.obj : error LNK2019: unresolved external symbol "class myRational __cdecl operator-(int,class myRational const &)" (??G@YA?AVmyRational@@HABV0@@Z) referenced in function "void __cdecl testSimpleCase(void)" (?testSimpleCase@@YAXXZ)
     1>implement_myrational.obj : error LNK2019: unresolved external symbol "class myRational __cdecl operator/(int,class myRational const &)" (??K@YA?AVmyRational@@HABV0@@Z) referenced in function "void __cdecl testSimpleCase(void)" (?testSimpleCase@@YAXXZ)
     1>implement_myrational.obj : error LNK2019: unresolved external symbol "public: __thiscall myRational::myRational(void)" (??0myRational@@QAE@XZ) referenced in function "void __cdecl swap(class myRational &,class myRational &)" (?swap@@YAXAAVmyRational@@0@Z)
     1>implement_myrational.obj : error LNK2019: unresolved external symbol "public: __thiscall myRational::myRational(int)" (??0myRational@@QAE@H@Z) referenced in function "void __cdecl testSimpleCase(void)" (?testSimpleCase@@YAXXZ)
     1>implement_myrational.obj : error LNK2019: unresolved external symbol "public: __thiscall myRational::myRational(int,int)" (??0myRational@@QAE@HH@Z) referenced in function "void __cdecl testSimpleCase(void)" (?testSimpleCase@@YAXXZ)
     1>implement_myrational.obj : error LNK2019: unresolved external symbol "public: int __thiscall myRational::getNumerator(void)const " (?getNumerator@myRational@@QBEHXZ) referenced in function "void __cdecl testSimpleCase(void)" (?testSimpleCase@@YAXXZ)
     1>implement_myrational.obj : error LNK2019: unresolved external symbol "public: int __thiscall myRational::getDenominator(void)const " (?getDenominator@myRational@@QBEHXZ) referenced in function "void __cdecl testSimpleCase(void)" (?testSimpleCase@@YAXXZ)
     1>implement_myrational.obj : error LNK2019: unresolved external symbol "public: class myRational __thiscall myRational::operator+(class myRational const &)const " (??HmyRational@@QBE?AV0@ABV0@@Z) referenced in function "void __cdecl testSimpleCase(void)" (?testSimpleCase@@YAXXZ)
     1>implement_myrational.obj : error LNK2019: unresolved external symbol "public: class myRational __thiscall myRational::operator+(int)const " (??HmyRational@@QBE?AV0@H@Z) referenced in function "void __cdecl testSimpleCase(void)" (?testSimpleCase@@YAXXZ)
     1>implement_myrational.obj : error LNK2019: unresolved external symbol "public: class myRational __thiscall myRational::operator-(class myRational const &)const " (??GmyRational@@QBE?AV0@ABV0@@Z) referenced in function "void __cdecl testSimpleCase(void)" (?testSimpleCase@@YAXXZ)
     1>implement_myrational.obj : error LNK2019: unresolved external symbol "public: class myRational __thiscall myRational::operator-(int)const " (??GmyRational@@QBE?AV0@H@Z) referenced in function "void __cdecl testSimpleCase(void)" (?testSimpleCase@@YAXXZ)
     1>implement_myrational.obj : error LNK2019: unresolved external symbol "public: class myRational __thiscall myRational::operator*(class myRational const &)const " (??DmyRational@@QBE?AV0@ABV0@@Z) referenced in function "void __cdecl testSimpleCase(void)" (?testSimpleCase@@YAXXZ)
     1>implement_myrational.obj : error LNK2019: unresolved external symbol "public: class myRational __thiscall myRational::operator*(int)const " (??DmyRational@@QBE?AV0@H@Z) referenced in function "void __cdecl testSimpleCase(void)" (?testSimpleCase@@YAXXZ)
     1>implement_myrational.obj : error LNK2019: unresolved external symbol "public: class myRational __thiscall myRational::operator/(class myRational const &)const " (??KmyRational@@QBE?AV0@ABV0@@Z) referenced in function "void __cdecl testSimpleCase(void)" (?testSimpleCase@@YAXXZ)
     1>implement_myrational.obj : error LNK2019: unresolved external symbol "public: class myRational __thiscall myRational::operator/(int)const " (??KmyRational@@QBE?AV0@H@Z) referenced in function "void __cdecl testSimpleCase(void)" (?testSimpleCase@@YAXXZ)
     1>implement_myrational.obj : error LNK2019: unresolved external symbol "public: class myRational __thiscall myRational::operator++(void)" (??EmyRational@@QAE?AV0@XZ) referenced in function "void __cdecl testSimpleCase(void)" (?testSimpleCase@@YAXXZ)
     1>implement_myrational.obj : error LNK2019: unresolved external symbol "public: class myRational __thiscall myRational::operator++(int)" (??EmyRational@@QAE?AV0@H@Z) referenced in function "void __cdecl testSimpleCase(void)" (?testSimpleCase@@YAXXZ)
     1>implement_myrational.obj : error LNK2019: unresolved external symbol "public: class myRational __thiscall myRational::operator--(void)" (??FmyRational@@QAE?AV0@XZ) referenced in function "void __cdecl testSimpleCase(void)" (?testSimpleCase@@YAXXZ)
     1>implement_myrational.obj : error LNK2019: unresolved external symbol "public: class myRational __thiscall myRational::operator--(int)" (??FmyRational@@QAE?AV0@H@Z) referenced in function "void __cdecl testSimpleCase(void)" (?testSimpleCase@@YAXXZ)
     1>implement_myrational.obj : error LNK2019: unresolved external symbol "public: class myRational __thiscall myRational::operator-(void)const " (??GmyRational@@QBE?AV0@XZ) referenced in function "void __cdecl testSimpleCase(void)" (?testSimpleCase@@YAXXZ)
     1>implement_myrational.obj : error LNK2019: unresolved external symbol "public: bool __thiscall myRational::operator==(class myRational const &)const " (??8myRational@@QBE_NABV0@@Z) referenced in function "void __cdecl testSimpleCase(void)" (?testSimpleCase@@YAXXZ)
     1>implement_myrational.obj : error LNK2019: unresolved external symbol "public: bool __thiscall myRational::operator!=(class myRational const &)const " (??9myRational@@QBE_NABV0@@Z) referenced in function "void __cdecl testSimpleCase(void)" (?testSimpleCase@@YAXXZ)
     1>implement_myrational.obj : error LNK2019: unresolved external symbol "public: bool __thiscall myRational::operator>(class myRational const &)const " (??OmyRational@@QBE_NABV0@@Z) referenced in function "void __cdecl sortDatas(class myRational * const,int)" (?sortDatas@@YAXQAVmyRational@@H@Z)
     1>implement_myrational.obj : error LNK2019: unresolved external symbol "public: bool __thiscall myRational::operator>=(class myRational const &)const " (??PmyRational@@QBE_NABV0@@Z) referenced in function "void __cdecl testSimpleCase(void)" (?testSimpleCase@@YAXXZ)
     1>implement_myrational.obj : error LNK2019: unresolved external symbol "public: bool __thiscall myRational::operator<(class myRational const &)const " (??MmyRational@@QBE_NABV0@@Z) referenced in function "void __cdecl testSimpleCase(void)" (?testSimpleCase@@YAXXZ)
     1>implement_myrational.obj : error LNK2019: unresolved external symbol "public: bool __thiscall myRational::operator<=(class myRational const &)const " (??NmyRational@@QBE_NABV0@@Z) referenced in function "void __cdecl testSimpleCase(void)" (?testSimpleCase@@YAXXZ)
     1>implement_myrational.obj : error LNK2019: unresolved external symbol "public: class myRational & __thiscall myRational::operator=(class myRational const &)" (??4myRational@@QAEAAV0@ABV0@@Z) referenced in function "void __cdecl swap(class myRational &,class myRational &)" (?swap@@YAXAAVmyRational@@0@Z)
     1>implement_myrational.obj : error LNK2019: unresolved external symbol "public: class myRational & __thiscall myRational::operator+=(class myRational const &)" (??YmyRational@@QAEAAV0@ABV0@@Z) referenced in function "void __cdecl testSimpleCase(void)" (?testSimpleCase@@YAXXZ)
     1>implement_myrational.obj : error LNK2019: unresolved external symbol "public: class myRational & __thiscall myRational::operator-=(class myRational const &)" (??ZmyRational@@QAEAAV0@ABV0@@Z) referenced in function "void __cdecl testSimpleCase(void)" (?testSimpleCase@@YAXXZ)
     1>implement_myrational.obj : error LNK2019: unresolved external symbol "public: class myRational & __thiscall myRational::operator*=(class myRational const &)" (??XmyRational@@QAEAAV0@ABV0@@Z) referenced in function "void __cdecl testSimpleCase(void)" (?testSimpleCase@@YAXXZ)
     1>implement_myrational.obj : error LNK2019: unresolved external symbol "public: class myRational & __thiscall myRational::operator/=(class myRational const &)" (??_0myRational@@QAEAAV0@ABV0@@Z) referenced in function "void __cdecl testSimpleCase(void)" (?testSimpleCase@@YAXXZ)
     1>c:\users\오 예진\documents\visual studio 2013\Projects\82\Debug\82.exe : fatal error LNK1120: 35 unresolved externals
     1>Done Building Project "c:\Users\오 예진\documents\visual studio 2013\Projects\82\82\82.vcxproj" (Build target(s)) -- FAILED.

Build FAILED.

Time Elapsed 00:00:01.92
